<?xml version="1.0" encoding="UTF-8"?>
<!-- Generated by org.testng.reporters.JUnitReportReporter -->
<testsuite hostname="DESKTOP-21P2HHG" name="com.testing.XeroMavenWindows.TestScriptsXero" tests="21" failures="0" timestamp="16 Apr 2018 01:25:10 GMT" time="21.121" errors="0">
  <testcase name="NavigatetoXero_ID01A" time="0.001" classname="com.testing.XeroMavenWindows.TestScriptsXero"/>
  <testcase name="NavigatetoXero_ID01A" time="0.001" classname="com.testing.XeroMavenWindows.TestScriptsXero"/>
  <testcase name="NavigatetoXero_ID01A" time="0.002" classname="com.testing.XeroMavenWindows.TestScriptsXero"/>
  <testcase name="NavigatetoXero_ID01A" time="0.001" classname="com.testing.XeroMavenWindows.TestScriptsXero"/>
  <testcase name="NavigatetoXero_ID01A" time="0.002" classname="com.testing.XeroMavenWindows.TestScriptsXero"/>
  <testcase name="NavigatetoXero_ID01A" time="0.001" classname="com.testing.XeroMavenWindows.TestScriptsXero"/>
  <testcase name="NavigatetoXero_ID01A" time="0.001" classname="com.testing.XeroMavenWindows.TestScriptsXero"/>
  <testcase name="NavigatetoXero_ID01A" time="0.001" classname="com.testing.XeroMavenWindows.TestScriptsXero"/>
  <testcase name="NavigatetoXero_ID01A" time="0.001" classname="com.testing.XeroMavenWindows.TestScriptsXero"/>
  <testcase name="NavigatetoXero_ID01A" time="0.001" classname="com.testing.XeroMavenWindows.TestScriptsXero"/>
  <testcase name="NavigatetoXero_ID01A" time="0.002" classname="com.testing.XeroMavenWindows.TestScriptsXero"/>
  <testcase name="NavigatetoXero_ID01A" time="0.001" classname="com.testing.XeroMavenWindows.TestScriptsXero"/>
  <testcase name="NavigatetoXero_ID01A" time="0.002" classname="com.testing.XeroMavenWindows.TestScriptsXero"/>
  <testcase name="NavigatetoXero_ID01A" time="0.007" classname="com.testing.XeroMavenWindows.TestScriptsXero"/>
  <testcase name="NavigatetoXero_ID01A" time="0.001" classname="com.testing.XeroMavenWindows.TestScriptsXero"/>
  <testcase name="NavigatetoXero_ID01A" time="0.002" classname="com.testing.XeroMavenWindows.TestScriptsXero"/>
  <testcase name="NavigatetoXero_ID01A" time="0.002" classname="com.testing.XeroMavenWindows.TestScriptsXero"/>
  <testcase name="NavigatetoXero_ID01A" time="0.002" classname="com.testing.XeroMavenWindows.TestScriptsXero"/>
  <testcase name="NavigatetoXero_ID01A" time="0.003" classname="com.testing.XeroMavenWindows.TestScriptsXero"/>
  <testcase name="NavigatetoXero_ID01A" time="0.001" classname="com.testing.XeroMavenWindows.TestScriptsXero"/>
  <testcase name="NavigatetoXero_ID01A" time="21.086" classname="com.testing.XeroMavenWindows.TestScriptsXero"/>
</testsuite> <!-- com.testing.XeroMavenWindows.TestScriptsXero -->
